<?xml version="1.0" encoding="UTF-8"?>
<!-- Generated by org.testng.reporters.JUnitReportReporter -->
<testsuite hostname="Ash" failures="0" tests="2" name="pac1.ContactTest" time="0.011" errors="0" timestamp="2024-09-05T14:47:54 IST" skipped="0">
  <testcase classname="pac1.ContactTest" name="createContactTest" time="0.010"/>
  <system-out/>
  <testcase classname="pac1.ContactTest" name="modifyContactTest" time="0.001"/>
  <system-out/>
</testsuite> <!-- pac1.ContactTest -->
