<?xml version="1.0" encoding="UTF-8"?>
<!-- Generated by org.testng.reporters.JUnitReportReporter -->
<testsuite hostname="Ash" failures="0" tests="2" name="pac2.OrgTest" time="0.004" errors="0" timestamp="2024-09-05T14:47:54 IST" skipped="0">
  <testcase classname="pac2.OrgTest" name="createOrgTest" time="0.002"/>
  <system-out/>
  <testcase classname="pac2.OrgTest" name="modifyOrgTest" time="0.002"/>
  <system-out/>
</testsuite> <!-- pac2.OrgTest -->
